<?xml version="1.0" encoding="UTF-8"?>
<!-- Generated by org.testng.reporters.JUnitReportReporter -->
<testsuite hostname="HFZHRT2" failures="0" tests="1" name="LaunchUltima.E2E" time="7.923" errors="0" timestamp="2024-12-24T12:47:56 IST" skipped="0">
  <testcase classname="LaunchUltima.E2E" name="test" time="7.923"/>
</testsuite> <!-- LaunchUltima.E2E -->
